<?xml version="1.0" encoding="UTF-8"?>
<testsuite xmlns:xsi="http://www.w3.org/2001/XMLSchema-instance" xsi:noNamespaceSchemaLocation="https://maven.apache.org/surefire/maven-surefire-plugin/xsd/surefire-test-report.xsd" name="TestSuite" time="24.579" tests="8" errors="0" skipped="0" failures="8">
  <properties>
    <property name="java.specification.version" value="18"/>
    <property name="sun.cpu.isalist" value="amd64"/>
    <property name="sun.jnu.encoding" value="Cp1252"/>
    <property name="java.class.path" value="C:\Users\jyoti_xfiqe3z\OneDrive\Desktop\VGP\target\test-classes;C:\Users\jyoti_xfiqe3z\OneDrive\Desktop\VGP\target\classes;C:\Users\jyoti_xfiqe3z\.m2\repository\junit\junit\4.11\junit-4.11.jar;C:\Users\jyoti_xfiqe3z\.m2\repository\org\hamcrest\hamcrest-core\1.3\hamcrest-core-1.3.jar;C:\Users\jyoti_xfiqe3z\.m2\repository\org\seleniumhq\selenium\selenium-java\4.2.2\selenium-java-4.2.2.jar;C:\Users\jyoti_xfiqe3z\.m2\repository\org\seleniumhq\selenium\selenium-api\4.2.2\selenium-api-4.2.2.jar;C:\Users\jyoti_xfiqe3z\.m2\repository\org\seleniumhq\selenium\selenium-chrome-driver\4.2.2\selenium-chrome-driver-4.2.2.jar;C:\Users\jyoti_xfiqe3z\.m2\repository\com\google\auto\service\auto-service-annotations\1.0.1\auto-service-annotations-1.0.1.jar;C:\Users\jyoti_xfiqe3z\.m2\repository\com\google\auto\service\auto-service\1.0.1\auto-service-1.0.1.jar;C:\Users\jyoti_xfiqe3z\.m2\repository\com\google\auto\auto-common\1.2\auto-common-1.2.jar;C:\Users\jyoti_xfiqe3z\.m2\repository\com\google\guava\guava\31.1-jre\guava-31.1-jre.jar;C:\Users\jyoti_xfiqe3z\.m2\repository\com\google\guava\failureaccess\1.0.1\failureaccess-1.0.1.jar;C:\Users\jyoti_xfiqe3z\.m2\repository\com\google\guava\listenablefuture\9999.0-empty-to-avoid-conflict-with-guava\listenablefuture-9999.0-empty-to-avoid-conflict-with-guava.jar;C:\Users\jyoti_xfiqe3z\.m2\repository\org\checkerframework\checker-qual\3.12.0\checker-qual-3.12.0.jar;C:\Users\jyoti_xfiqe3z\.m2\repository\com\google\errorprone\error_prone_annotations\2.11.0\error_prone_annotations-2.11.0.jar;C:\Users\jyoti_xfiqe3z\.m2\repository\com\google\j2objc\j2objc-annotations\1.3\j2objc-annotations-1.3.jar;C:\Users\jyoti_xfiqe3z\.m2\repository\org\seleniumhq\selenium\selenium-chromium-driver\4.2.2\selenium-chromium-driver-4.2.2.jar;C:\Users\jyoti_xfiqe3z\.m2\repository\org\seleniumhq\selenium\selenium-json\4.2.2\selenium-json-4.2.2.jar;C:\Users\jyoti_xfiqe3z\.m2\repository\org\seleniumhq\selenium\selenium-devtools-v100\4.2.2\selenium-devtools-v100-4.2.2.jar;C:\Users\jyoti_xfiqe3z\.m2\repository\org\seleniumhq\selenium\selenium-devtools-v101\4.2.2\selenium-devtools-v101-4.2.2.jar;C:\Users\jyoti_xfiqe3z\.m2\repository\org\seleniumhq\selenium\selenium-devtools-v102\4.2.2\selenium-devtools-v102-4.2.2.jar;C:\Users\jyoti_xfiqe3z\.m2\repository\org\seleniumhq\selenium\selenium-devtools-v85\4.2.2\selenium-devtools-v85-4.2.2.jar;C:\Users\jyoti_xfiqe3z\.m2\repository\org\seleniumhq\selenium\selenium-edge-driver\4.2.2\selenium-edge-driver-4.2.2.jar;C:\Users\jyoti_xfiqe3z\.m2\repository\org\seleniumhq\selenium\selenium-firefox-driver\4.2.2\selenium-firefox-driver-4.2.2.jar;C:\Users\jyoti_xfiqe3z\.m2\repository\org\seleniumhq\selenium\selenium-ie-driver\4.2.2\selenium-ie-driver-4.2.2.jar;C:\Users\jyoti_xfiqe3z\.m2\repository\org\seleniumhq\selenium\selenium-opera-driver\4.2.2\selenium-opera-driver-4.2.2.jar;C:\Users\jyoti_xfiqe3z\.m2\repository\org\seleniumhq\selenium\selenium-remote-driver\4.2.2\selenium-remote-driver-4.2.2.jar;C:\Users\jyoti_xfiqe3z\.m2\repository\io\netty\netty-buffer\4.1.77.Final\netty-buffer-4.1.77.Final.jar;C:\Users\jyoti_xfiqe3z\.m2\repository\io\netty\netty-codec-http\4.1.77.Final\netty-codec-http-4.1.77.Final.jar;C:\Users\jyoti_xfiqe3z\.m2\repository\io\netty\netty-codec\4.1.77.Final\netty-codec-4.1.77.Final.jar;C:\Users\jyoti_xfiqe3z\.m2\repository\io\netty\netty-handler\4.1.77.Final\netty-handler-4.1.77.Final.jar;C:\Users\jyoti_xfiqe3z\.m2\repository\io\netty\netty-common\4.1.77.Final\netty-common-4.1.77.Final.jar;C:\Users\jyoti_xfiqe3z\.m2\repository\io\netty\netty-transport-classes-epoll\4.1.77.Final\netty-transport-classes-epoll-4.1.77.Final.jar;C:\Users\jyoti_xfiqe3z\.m2\repository\io\netty\netty-transport-classes-kqueue\4.1.77.Final\netty-transport-classes-kqueue-4.1.77.Final.jar;C:\Users\jyoti_xfiqe3z\.m2\repository\io\netty\netty-transport-native-epoll\4.1.77.Final\netty-transport-native-epoll-4.1.77.Final.jar;C:\Users\jyoti_xfiqe3z\.m2\repository\io\netty\netty-transport-native-kqueue\4.1.77.Final\netty-transport-native-kqueue-4.1.77.Final.jar;C:\Users\jyoti_xfiqe3z\.m2\repository\io\netty\netty-transport-native-unix-common\4.1.77.Final\netty-transport-native-unix-common-4.1.77.Final.jar;C:\Users\jyoti_xfiqe3z\.m2\repository\io\netty\netty-transport\4.1.77.Final\netty-transport-4.1.77.Final.jar;C:\Users\jyoti_xfiqe3z\.m2\repository\io\netty\netty-resolver\4.1.77.Final\netty-resolver-4.1.77.Final.jar;C:\Users\jyoti_xfiqe3z\.m2\repository\io\opentelemetry\opentelemetry-api\1.14.0\opentelemetry-api-1.14.0.jar;C:\Users\jyoti_xfiqe3z\.m2\repository\io\opentelemetry\opentelemetry-context\1.14.0\opentelemetry-context-1.14.0.jar;C:\Users\jyoti_xfiqe3z\.m2\repository\io\opentelemetry\opentelemetry-exporter-logging\1.14.0\opentelemetry-exporter-logging-1.14.0.jar;C:\Users\jyoti_xfiqe3z\.m2\repository\io\opentelemetry\opentelemetry-sdk-metrics\1.14.0\opentelemetry-sdk-metrics-1.14.0.jar;C:\Users\jyoti_xfiqe3z\.m2\repository\io\opentelemetry\opentelemetry-sdk-logs\1.14.0-alpha\opentelemetry-sdk-logs-1.14.0-alpha.jar;C:\Users\jyoti_xfiqe3z\.m2\repository\io\opentelemetry\opentelemetry-sdk-common\1.14.0\opentelemetry-sdk-common-1.14.0.jar;C:\Users\jyoti_xfiqe3z\.m2\repository\io\opentelemetry\opentelemetry-sdk-extension-autoconfigure-spi\1.14.0\opentelemetry-sdk-extension-autoconfigure-spi-1.14.0.jar;C:\Users\jyoti_xfiqe3z\.m2\repository\io\opentelemetry\opentelemetry-sdk-extension-autoconfigure\1.14.0-alpha\opentelemetry-sdk-extension-autoconfigure-1.14.0-alpha.jar;C:\Users\jyoti_xfiqe3z\.m2\repository\io\opentelemetry\opentelemetry-sdk-trace\1.14.0\opentelemetry-sdk-trace-1.14.0.jar;C:\Users\jyoti_xfiqe3z\.m2\repository\io\opentelemetry\opentelemetry-sdk\1.14.0\opentelemetry-sdk-1.14.0.jar;C:\Users\jyoti_xfiqe3z\.m2\repository\io\opentelemetry\opentelemetry-semconv\1.14.0-alpha\opentelemetry-semconv-1.14.0-alpha.jar;C:\Users\jyoti_xfiqe3z\.m2\repository\io\ous\jtoml\2.0.0\jtoml-2.0.0.jar;C:\Users\jyoti_xfiqe3z\.m2\repository\net\bytebuddy\byte-buddy\1.12.10\byte-buddy-1.12.10.jar;C:\Users\jyoti_xfiqe3z\.m2\repository\org\apache\commons\commons-exec\1.3\commons-exec-1.3.jar;C:\Users\jyoti_xfiqe3z\.m2\repository\org\asynchttpclient\async-http-client\2.12.3\async-http-client-2.12.3.jar;C:\Users\jyoti_xfiqe3z\.m2\repository\org\asynchttpclient\async-http-client-netty-utils\2.12.3\async-http-client-netty-utils-2.12.3.jar;C:\Users\jyoti_xfiqe3z\.m2\repository\io\netty\netty-codec-socks\4.1.60.Final\netty-codec-socks-4.1.60.Final.jar;C:\Users\jyoti_xfiqe3z\.m2\repository\io\netty\netty-handler-proxy\4.1.60.Final\netty-handler-proxy-4.1.60.Final.jar;C:\Users\jyoti_xfiqe3z\.m2\repository\io\netty\netty-transport-native-epoll\4.1.60.Final\netty-transport-native-epoll-4.1.60.Final-linux-x86_64.jar;C:\Users\jyoti_xfiqe3z\.m2\repository\io\netty\netty-transport-native-kqueue\4.1.60.Final\netty-transport-native-kqueue-4.1.60.Final-osx-x86_64.jar;C:\Users\jyoti_xfiqe3z\.m2\repository\org\reactivestreams\reactive-streams\1.0.3\reactive-streams-1.0.3.jar;C:\Users\jyoti_xfiqe3z\.m2\repository\com\typesafe\netty\netty-reactive-streams\2.0.4\netty-reactive-streams-2.0.4.jar;C:\Users\jyoti_xfiqe3z\.m2\repository\com\sun\activation\jakarta.activation\1.2.2\jakarta.activation-1.2.2.jar;C:\Users\jyoti_xfiqe3z\.m2\repository\org\seleniumhq\selenium\selenium-http\4.2.2\selenium-http-4.2.2.jar;C:\Users\jyoti_xfiqe3z\.m2\repository\dev\failsafe\failsafe\3.2.4\failsafe-3.2.4.jar;C:\Users\jyoti_xfiqe3z\.m2\repository\org\seleniumhq\selenium\selenium-safari-driver\4.2.2\selenium-safari-driver-4.2.2.jar;C:\Users\jyoti_xfiqe3z\.m2\repository\org\seleniumhq\selenium\selenium-support\4.2.2\selenium-support-4.2.2.jar;C:\Users\jyoti_xfiqe3z\.m2\repository\org\testng\testng\7.6.0\testng-7.6.0.jar;C:\Users\jyoti_xfiqe3z\.m2\repository\com\google\code\findbugs\jsr305\3.0.2\jsr305-3.0.2.jar;C:\Users\jyoti_xfiqe3z\.m2\repository\org\slf4j\slf4j-api\1.7.36\slf4j-api-1.7.36.jar;C:\Users\jyoti_xfiqe3z\.m2\repository\com\beust\jcommander\1.82\jcommander-1.82.jar;C:\Users\jyoti_xfiqe3z\.m2\repository\org\webjars\jquery\3.6.0\jquery-3.6.0.jar;"/>
    <property name="java.vm.vendor" value="Oracle Corporation"/>
    <property name="sun.arch.data.model" value="64"/>
    <property name="user.variant" value=""/>
    <property name="java.vendor.url" value="https://java.oracle.com/"/>
    <property name="user.timezone" value="Asia/Calcutta"/>
    <property name="os.name" value="Windows 10"/>
    <property name="java.vm.specification.version" value="18"/>
    <property name="sun.java.launcher" value="SUN_STANDARD"/>
    <property name="user.country" value="IN"/>
    <property name="sun.boot.library.path" value="C:\Program Files\Java\jdk-18.0.1.1\bin"/>
    <property name="sun.java.command" value="C:\Users\JYOTI_~1\AppData\Local\Temp\surefire13391117620236240439\surefirebooter10311471395007618278.jar C:\Users\jyoti_xfiqe3z\AppData\Local\Temp\surefire13391117620236240439 2022-08-12T15-45-30_835-jvmRun1 surefire14423427300784580400tmp surefire_017313754918052614193tmp"/>
    <property name="jdk.debug" value="release"/>
    <property name="surefire.test.class.path" value="C:\Users\jyoti_xfiqe3z\OneDrive\Desktop\VGP\target\test-classes;C:\Users\jyoti_xfiqe3z\OneDrive\Desktop\VGP\target\classes;C:\Users\jyoti_xfiqe3z\.m2\repository\junit\junit\4.11\junit-4.11.jar;C:\Users\jyoti_xfiqe3z\.m2\repository\org\hamcrest\hamcrest-core\1.3\hamcrest-core-1.3.jar;C:\Users\jyoti_xfiqe3z\.m2\repository\org\seleniumhq\selenium\selenium-java\4.2.2\selenium-java-4.2.2.jar;C:\Users\jyoti_xfiqe3z\.m2\repository\org\seleniumhq\selenium\selenium-api\4.2.2\selenium-api-4.2.2.jar;C:\Users\jyoti_xfiqe3z\.m2\repository\org\seleniumhq\selenium\selenium-chrome-driver\4.2.2\selenium-chrome-driver-4.2.2.jar;C:\Users\jyoti_xfiqe3z\.m2\repository\com\google\auto\service\auto-service-annotations\1.0.1\auto-service-annotations-1.0.1.jar;C:\Users\jyoti_xfiqe3z\.m2\repository\com\google\auto\service\auto-service\1.0.1\auto-service-1.0.1.jar;C:\Users\jyoti_xfiqe3z\.m2\repository\com\google\auto\auto-common\1.2\auto-common-1.2.jar;C:\Users\jyoti_xfiqe3z\.m2\repository\com\google\guava\guava\31.1-jre\guava-31.1-jre.jar;C:\Users\jyoti_xfiqe3z\.m2\repository\com\google\guava\failureaccess\1.0.1\failureaccess-1.0.1.jar;C:\Users\jyoti_xfiqe3z\.m2\repository\com\google\guava\listenablefuture\9999.0-empty-to-avoid-conflict-with-guava\listenablefuture-9999.0-empty-to-avoid-conflict-with-guava.jar;C:\Users\jyoti_xfiqe3z\.m2\repository\org\checkerframework\checker-qual\3.12.0\checker-qual-3.12.0.jar;C:\Users\jyoti_xfiqe3z\.m2\repository\com\google\errorprone\error_prone_annotations\2.11.0\error_prone_annotations-2.11.0.jar;C:\Users\jyoti_xfiqe3z\.m2\repository\com\google\j2objc\j2objc-annotations\1.3\j2objc-annotations-1.3.jar;C:\Users\jyoti_xfiqe3z\.m2\repository\org\seleniumhq\selenium\selenium-chromium-driver\4.2.2\selenium-chromium-driver-4.2.2.jar;C:\Users\jyoti_xfiqe3z\.m2\repository\org\seleniumhq\selenium\selenium-json\4.2.2\selenium-json-4.2.2.jar;C:\Users\jyoti_xfiqe3z\.m2\repository\org\seleniumhq\selenium\selenium-devtools-v100\4.2.2\selenium-devtools-v100-4.2.2.jar;C:\Users\jyoti_xfiqe3z\.m2\repository\org\seleniumhq\selenium\selenium-devtools-v101\4.2.2\selenium-devtools-v101-4.2.2.jar;C:\Users\jyoti_xfiqe3z\.m2\repository\org\seleniumhq\selenium\selenium-devtools-v102\4.2.2\selenium-devtools-v102-4.2.2.jar;C:\Users\jyoti_xfiqe3z\.m2\repository\org\seleniumhq\selenium\selenium-devtools-v85\4.2.2\selenium-devtools-v85-4.2.2.jar;C:\Users\jyoti_xfiqe3z\.m2\repository\org\seleniumhq\selenium\selenium-edge-driver\4.2.2\selenium-edge-driver-4.2.2.jar;C:\Users\jyoti_xfiqe3z\.m2\repository\org\seleniumhq\selenium\selenium-firefox-driver\4.2.2\selenium-firefox-driver-4.2.2.jar;C:\Users\jyoti_xfiqe3z\.m2\repository\org\seleniumhq\selenium\selenium-ie-driver\4.2.2\selenium-ie-driver-4.2.2.jar;C:\Users\jyoti_xfiqe3z\.m2\repository\org\seleniumhq\selenium\selenium-opera-driver\4.2.2\selenium-opera-driver-4.2.2.jar;C:\Users\jyoti_xfiqe3z\.m2\repository\org\seleniumhq\selenium\selenium-remote-driver\4.2.2\selenium-remote-driver-4.2.2.jar;C:\Users\jyoti_xfiqe3z\.m2\repository\io\netty\netty-buffer\4.1.77.Final\netty-buffer-4.1.77.Final.jar;C:\Users\jyoti_xfiqe3z\.m2\repository\io\netty\netty-codec-http\4.1.77.Final\netty-codec-http-4.1.77.Final.jar;C:\Users\jyoti_xfiqe3z\.m2\repository\io\netty\netty-codec\4.1.77.Final\netty-codec-4.1.77.Final.jar;C:\Users\jyoti_xfiqe3z\.m2\repository\io\netty\netty-handler\4.1.77.Final\netty-handler-4.1.77.Final.jar;C:\Users\jyoti_xfiqe3z\.m2\repository\io\netty\netty-common\4.1.77.Final\netty-common-4.1.77.Final.jar;C:\Users\jyoti_xfiqe3z\.m2\repository\io\netty\netty-transport-classes-epoll\4.1.77.Final\netty-transport-classes-epoll-4.1.77.Final.jar;C:\Users\jyoti_xfiqe3z\.m2\repository\io\netty\netty-transport-classes-kqueue\4.1.77.Final\netty-transport-classes-kqueue-4.1.77.Final.jar;C:\Users\jyoti_xfiqe3z\.m2\repository\io\netty\netty-transport-native-epoll\4.1.77.Final\netty-transport-native-epoll-4.1.77.Final.jar;C:\Users\jyoti_xfiqe3z\.m2\repository\io\netty\netty-transport-native-kqueue\4.1.77.Final\netty-transport-native-kqueue-4.1.77.Final.jar;C:\Users\jyoti_xfiqe3z\.m2\repository\io\netty\netty-transport-native-unix-common\4.1.77.Final\netty-transport-native-unix-common-4.1.77.Final.jar;C:\Users\jyoti_xfiqe3z\.m2\repository\io\netty\netty-transport\4.1.77.Final\netty-transport-4.1.77.Final.jar;C:\Users\jyoti_xfiqe3z\.m2\repository\io\netty\netty-resolver\4.1.77.Final\netty-resolver-4.1.77.Final.jar;C:\Users\jyoti_xfiqe3z\.m2\repository\io\opentelemetry\opentelemetry-api\1.14.0\opentelemetry-api-1.14.0.jar;C:\Users\jyoti_xfiqe3z\.m2\repository\io\opentelemetry\opentelemetry-context\1.14.0\opentelemetry-context-1.14.0.jar;C:\Users\jyoti_xfiqe3z\.m2\repository\io\opentelemetry\opentelemetry-exporter-logging\1.14.0\opentelemetry-exporter-logging-1.14.0.jar;C:\Users\jyoti_xfiqe3z\.m2\repository\io\opentelemetry\opentelemetry-sdk-metrics\1.14.0\opentelemetry-sdk-metrics-1.14.0.jar;C:\Users\jyoti_xfiqe3z\.m2\repository\io\opentelemetry\opentelemetry-sdk-logs\1.14.0-alpha\opentelemetry-sdk-logs-1.14.0-alpha.jar;C:\Users\jyoti_xfiqe3z\.m2\repository\io\opentelemetry\opentelemetry-sdk-common\1.14.0\opentelemetry-sdk-common-1.14.0.jar;C:\Users\jyoti_xfiqe3z\.m2\repository\io\opentelemetry\opentelemetry-sdk-extension-autoconfigure-spi\1.14.0\opentelemetry-sdk-extension-autoconfigure-spi-1.14.0.jar;C:\Users\jyoti_xfiqe3z\.m2\repository\io\opentelemetry\opentelemetry-sdk-extension-autoconfigure\1.14.0-alpha\opentelemetry-sdk-extension-autoconfigure-1.14.0-alpha.jar;C:\Users\jyoti_xfiqe3z\.m2\repository\io\opentelemetry\opentelemetry-sdk-trace\1.14.0\opentelemetry-sdk-trace-1.14.0.jar;C:\Users\jyoti_xfiqe3z\.m2\repository\io\opentelemetry\opentelemetry-sdk\1.14.0\opentelemetry-sdk-1.14.0.jar;C:\Users\jyoti_xfiqe3z\.m2\repository\io\opentelemetry\opentelemetry-semconv\1.14.0-alpha\opentelemetry-semconv-1.14.0-alpha.jar;C:\Users\jyoti_xfiqe3z\.m2\repository\io\ous\jtoml\2.0.0\jtoml-2.0.0.jar;C:\Users\jyoti_xfiqe3z\.m2\repository\net\bytebuddy\byte-buddy\1.12.10\byte-buddy-1.12.10.jar;C:\Users\jyoti_xfiqe3z\.m2\repository\org\apache\commons\commons-exec\1.3\commons-exec-1.3.jar;C:\Users\jyoti_xfiqe3z\.m2\repository\org\asynchttpclient\async-http-client\2.12.3\async-http-client-2.12.3.jar;C:\Users\jyoti_xfiqe3z\.m2\repository\org\asynchttpclient\async-http-client-netty-utils\2.12.3\async-http-client-netty-utils-2.12.3.jar;C:\Users\jyoti_xfiqe3z\.m2\repository\io\netty\netty-codec-socks\4.1.60.Final\netty-codec-socks-4.1.60.Final.jar;C:\Users\jyoti_xfiqe3z\.m2\repository\io\netty\netty-handler-proxy\4.1.60.Final\netty-handler-proxy-4.1.60.Final.jar;C:\Users\jyoti_xfiqe3z\.m2\repository\io\netty\netty-transport-native-epoll\4.1.60.Final\netty-transport-native-epoll-4.1.60.Final-linux-x86_64.jar;C:\Users\jyoti_xfiqe3z\.m2\repository\io\netty\netty-transport-native-kqueue\4.1.60.Final\netty-transport-native-kqueue-4.1.60.Final-osx-x86_64.jar;C:\Users\jyoti_xfiqe3z\.m2\repository\org\reactivestreams\reactive-streams\1.0.3\reactive-streams-1.0.3.jar;C:\Users\jyoti_xfiqe3z\.m2\repository\com\typesafe\netty\netty-reactive-streams\2.0.4\netty-reactive-streams-2.0.4.jar;C:\Users\jyoti_xfiqe3z\.m2\repository\com\sun\activation\jakarta.activation\1.2.2\jakarta.activation-1.2.2.jar;C:\Users\jyoti_xfiqe3z\.m2\repository\org\seleniumhq\selenium\selenium-http\4.2.2\selenium-http-4.2.2.jar;C:\Users\jyoti_xfiqe3z\.m2\repository\dev\failsafe\failsafe\3.2.4\failsafe-3.2.4.jar;C:\Users\jyoti_xfiqe3z\.m2\repository\org\seleniumhq\selenium\selenium-safari-driver\4.2.2\selenium-safari-driver-4.2.2.jar;C:\Users\jyoti_xfiqe3z\.m2\repository\org\seleniumhq\selenium\selenium-support\4.2.2\selenium-support-4.2.2.jar;C:\Users\jyoti_xfiqe3z\.m2\repository\org\testng\testng\7.6.0\testng-7.6.0.jar;C:\Users\jyoti_xfiqe3z\.m2\repository\com\google\code\findbugs\jsr305\3.0.2\jsr305-3.0.2.jar;C:\Users\jyoti_xfiqe3z\.m2\repository\org\slf4j\slf4j-api\1.7.36\slf4j-api-1.7.36.jar;C:\Users\jyoti_xfiqe3z\.m2\repository\com\beust\jcommander\1.82\jcommander-1.82.jar;C:\Users\jyoti_xfiqe3z\.m2\repository\org\webjars\jquery\3.6.0\jquery-3.6.0.jar;"/>
    <property name="sun.cpu.endian" value="little"/>
    <property name="user.home" value="C:\Users\jyoti_xfiqe3z"/>
    <property name="user.language" value="en"/>
    <property name="java.specification.vendor" value="Oracle Corporation"/>
    <property name="java.version.date" value="2022-04-22"/>
    <property name="java.home" value="C:\Program Files\Java\jdk-18.0.1.1"/>
    <property name="file.separator" value="\"/>
    <property name="basedir" value="C:\Users\jyoti_xfiqe3z\OneDrive\Desktop\VGP"/>
    <property name="java.vm.compressedOopsMode" value="32-bit"/>
    <property name="line.separator" value="&#10;"/>
    <property name="java.vm.specification.vendor" value="Oracle Corporation"/>
    <property name="java.specification.name" value="Java Platform API Specification"/>
    <property name="surefire.real.class.path" value="C:\Users\JYOTI_~1\AppData\Local\Temp\surefire13391117620236240439\surefirebooter10311471395007618278.jar"/>
    <property name="user.script" value=""/>
    <property name="sun.management.compiler" value="HotSpot 64-Bit Tiered Compilers"/>
    <property name="java.runtime.version" value="18.0.1.1+2-6"/>
    <property name="user.name" value="jyoti_xfiqe3z"/>
    <property name="path.separator" value=";"/>
    <property name="os.version" value="10.0"/>
    <property name="java.runtime.name" value="Java(TM) SE Runtime Environment"/>
    <property name="file.encoding" value="UTF-8"/>
    <property name="java.vm.name" value="Java HotSpot(TM) 64-Bit Server VM"/>
    <property name="localRepository" value="C:\Users\jyoti_xfiqe3z\.m2\repository"/>
    <property name="java.vendor.url.bug" value="https://bugreport.java.com/bugreport/"/>
    <property name="java.io.tmpdir" value="C:\Users\JYOTI_~1\AppData\Local\Temp\"/>
    <property name="java.version" value="18.0.1.1"/>
    <property name="user.dir" value="C:\Users\jyoti_xfiqe3z\OneDrive\Desktop\VGP"/>
    <property name="os.arch" value="amd64"/>
    <property name="java.vm.specification.name" value="Java Virtual Machine Specification"/>
    <property name="sun.os.patch.level" value=""/>
    <property name="native.encoding" value="Cp1252"/>
    <property name="java.library.path" value="C:\Program Files\Java\jdk-18.0.1.1\bin;C:\WINDOWS\Sun\Java\bin;C:\WINDOWS\system32;C:\WINDOWS;C:\Program Files\Common Files\Oracle\Java\javapath;C:\WINDOWS\system32;C:\WINDOWS;C:\WINDOWS\System32\Wbem;C:\WINDOWS\System32\WindowsPowerShell\v1.0\;C:\WINDOWS\System32\OpenSSH\;C:\Program Files\Git\cmd;C:\Users\jyoti_xfiqe3z\Downloads\apache-maven-3.8.6-bin\apache-maven-3.8.6\bin;C:\Users\jyoti_xfiqe3z\AppData\Local\Microsoft\WindowsApps;;."/>
    <property name="java.vm.info" value="mixed mode, sharing"/>
    <property name="java.vendor" value="Oracle Corporation"/>
    <property name="java.vm.version" value="18.0.1.1+2-6"/>
    <property name="sun.io.unicode.encoding" value="UnicodeLittle"/>
    <property name="java.class.version" value="62.0"/>
  </properties>
  <testcase name="AddEmployee" classname="VGP.AddEmployee" time="9.254">
    <failure message="Could not start a new session. Response code 500. Message: session not created: This version of ChromeDriver only supports Chrome version 102&#10;Current browser version is 104.0.5112.81 with binary path C:\Program Files\Google\Chrome\Application\chrome.exe&#10;Build info: version: &apos;4.2.2&apos;, revision: &apos;683ccb65d6&apos;&#10;System info: host: &apos;LAPTOP-VFKJ2SC9&apos;, ip: &apos;192.168.0.176&apos;, os.name: &apos;Windows 10&apos;, os.arch: &apos;amd64&apos;, os.version: &apos;10.0&apos;, java.version: &apos;18.0.1.1&apos;&#10;Driver info: org.openqa.selenium.chrome.ChromeDriver&#10;Command: [null, newSession {capabilities=[Capabilities {browserName: chrome, goog:chromeOptions: {args: [], extensions: []}}], desiredCapabilities=Capabilities {browserName: chrome, goog:chromeOptions: {args: [], extensions: []}}}]" type="org.openqa.selenium.SessionNotCreatedException">org.openqa.selenium.SessionNotCreatedException: 
Could not start a new session. Response code 500. Message: session not created: This version of ChromeDriver only supports Chrome version 102
Current browser version is 104.0.5112.81 with binary path C:\Program Files\Google\Chrome\Application\chrome.exe
Build info: version: '4.2.2', revision: '683ccb65d6'
System info: host: 'LAPTOP-VFKJ2SC9', ip: '192.168.0.176', os.name: 'Windows 10', os.arch: 'amd64', os.version: '10.0', java.version: '18.0.1.1'
Driver info: org.openqa.selenium.chrome.ChromeDriver
Command: [null, newSession {capabilities=[Capabilities {browserName: chrome, goog:chromeOptions: {args: [], extensions: []}}], desiredCapabilities=Capabilities {browserName: chrome, goog:chromeOptions: {args: [], extensions: []}}}]
	at VGP.AddEmployee.AddEmployee(AddEmployee.java:28)
</failure>
    <system-err><![CDATA[SLF4J: Failed to load class "org.slf4j.impl.StaticLoggerBinder".
SLF4J: Defaulting to no-operation (NOP) logger implementation
SLF4J: See http://www.slf4j.org/codes.html#StaticLoggerBinder for further details.
Starting ChromeDriver 102.0.5005.27 (df4a85108ffad4dca2c409c52f24df7ec0204b91-refs/branch-heads/5005_22@{#4}) on port 62759
Only local connections are allowed.
Please see https://chromedriver.chromium.org/security-considerations for suggestions on keeping ChromeDriver safe.
ChromeDriver was started successfully.
]]></system-err>
  </testcase>
  <testcase name="DeleteEmployee" classname="VGP.DeleteEmployee" time="1.997">
    <failure message="Could not start a new session. Response code 500. Message: session not created: This version of ChromeDriver only supports Chrome version 102&#10;Current browser version is 104.0.5112.81 with binary path C:\Program Files\Google\Chrome\Application\chrome.exe&#10;Build info: version: &apos;4.2.2&apos;, revision: &apos;683ccb65d6&apos;&#10;System info: host: &apos;LAPTOP-VFKJ2SC9&apos;, ip: &apos;192.168.0.176&apos;, os.name: &apos;Windows 10&apos;, os.arch: &apos;amd64&apos;, os.version: &apos;10.0&apos;, java.version: &apos;18.0.1.1&apos;&#10;Driver info: org.openqa.selenium.chrome.ChromeDriver&#10;Command: [null, newSession {capabilities=[Capabilities {browserName: chrome, goog:chromeOptions: {args: [], extensions: []}}], desiredCapabilities=Capabilities {browserName: chrome, goog:chromeOptions: {args: [], extensions: []}}}]" type="org.openqa.selenium.SessionNotCreatedException">org.openqa.selenium.SessionNotCreatedException: 
Could not start a new session. Response code 500. Message: session not created: This version of ChromeDriver only supports Chrome version 102
Current browser version is 104.0.5112.81 with binary path C:\Program Files\Google\Chrome\Application\chrome.exe
Build info: version: '4.2.2', revision: '683ccb65d6'
System info: host: 'LAPTOP-VFKJ2SC9', ip: '192.168.0.176', os.name: 'Windows 10', os.arch: 'amd64', os.version: '10.0', java.version: '18.0.1.1'
Driver info: org.openqa.selenium.chrome.ChromeDriver
Command: [null, newSession {capabilities=[Capabilities {browserName: chrome, goog:chromeOptions: {args: [], extensions: []}}], desiredCapabilities=Capabilities {browserName: chrome, goog:chromeOptions: {args: [], extensions: []}}}]
	at VGP.DeleteEmployee.DeleteEmployee(DeleteEmployee.java:34)
</failure>
    <system-err><![CDATA[Starting ChromeDriver 102.0.5005.27 (df4a85108ffad4dca2c409c52f24df7ec0204b91-refs/branch-heads/5005_22@{#4}) on port 55130
Only local connections are allowed.
Please see https://chromedriver.chromium.org/security-considerations for suggestions on keeping ChromeDriver safe.
ChromeDriver was started successfully.
]]></system-err>
  </testcase>
  <testcase name="EditEmployee" classname="VGP.EditEmployee" time="1.721">
    <failure message="Could not start a new session. Response code 500. Message: session not created: This version of ChromeDriver only supports Chrome version 102&#10;Current browser version is 104.0.5112.81 with binary path C:\Program Files\Google\Chrome\Application\chrome.exe&#10;Build info: version: &apos;4.2.2&apos;, revision: &apos;683ccb65d6&apos;&#10;System info: host: &apos;LAPTOP-VFKJ2SC9&apos;, ip: &apos;192.168.0.176&apos;, os.name: &apos;Windows 10&apos;, os.arch: &apos;amd64&apos;, os.version: &apos;10.0&apos;, java.version: &apos;18.0.1.1&apos;&#10;Driver info: org.openqa.selenium.chrome.ChromeDriver&#10;Command: [null, newSession {capabilities=[Capabilities {browserName: chrome, goog:chromeOptions: {args: [], extensions: []}}], desiredCapabilities=Capabilities {browserName: chrome, goog:chromeOptions: {args: [], extensions: []}}}]" type="org.openqa.selenium.SessionNotCreatedException">org.openqa.selenium.SessionNotCreatedException: 
Could not start a new session. Response code 500. Message: session not created: This version of ChromeDriver only supports Chrome version 102
Current browser version is 104.0.5112.81 with binary path C:\Program Files\Google\Chrome\Application\chrome.exe
Build info: version: '4.2.2', revision: '683ccb65d6'
System info: host: 'LAPTOP-VFKJ2SC9', ip: '192.168.0.176', os.name: 'Windows 10', os.arch: 'amd64', os.version: '10.0', java.version: '18.0.1.1'
Driver info: org.openqa.selenium.chrome.ChromeDriver
Command: [null, newSession {capabilities=[Capabilities {browserName: chrome, goog:chromeOptions: {args: [], extensions: []}}], desiredCapabilities=Capabilities {browserName: chrome, goog:chromeOptions: {args: [], extensions: []}}}]
	at VGP.EditEmployee.EditEmployee(EditEmployee.java:34)
</failure>
    <system-err><![CDATA[Starting ChromeDriver 102.0.5005.27 (df4a85108ffad4dca2c409c52f24df7ec0204b91-refs/branch-heads/5005_22@{#4}) on port 55023
Only local connections are allowed.
Please see https://chromedriver.chromium.org/security-considerations for suggestions on keeping ChromeDriver safe.
ChromeDriver was started successfully.
]]></system-err>
  </testcase>
  <testcase name="Clear" classname="VGP.Filter_Chile_Country" time="1.569">
    <failure message="Could not start a new session. Response code 500. Message: session not created: This version of ChromeDriver only supports Chrome version 102&#10;Current browser version is 104.0.5112.81 with binary path C:\Program Files\Google\Chrome\Application\chrome.exe&#10;Build info: version: &apos;4.2.2&apos;, revision: &apos;683ccb65d6&apos;&#10;System info: host: &apos;LAPTOP-VFKJ2SC9&apos;, ip: &apos;192.168.0.176&apos;, os.name: &apos;Windows 10&apos;, os.arch: &apos;amd64&apos;, os.version: &apos;10.0&apos;, java.version: &apos;18.0.1.1&apos;&#10;Driver info: org.openqa.selenium.chrome.ChromeDriver&#10;Command: [null, newSession {capabilities=[Capabilities {browserName: chrome, goog:chromeOptions: {args: [], extensions: []}}], desiredCapabilities=Capabilities {browserName: chrome, goog:chromeOptions: {args: [], extensions: []}}}]" type="org.openqa.selenium.SessionNotCreatedException">org.openqa.selenium.SessionNotCreatedException: 
Could not start a new session. Response code 500. Message: session not created: This version of ChromeDriver only supports Chrome version 102
Current browser version is 104.0.5112.81 with binary path C:\Program Files\Google\Chrome\Application\chrome.exe
Build info: version: '4.2.2', revision: '683ccb65d6'
System info: host: 'LAPTOP-VFKJ2SC9', ip: '192.168.0.176', os.name: 'Windows 10', os.arch: 'amd64', os.version: '10.0', java.version: '18.0.1.1'
Driver info: org.openqa.selenium.chrome.ChromeDriver
Command: [null, newSession {capabilities=[Capabilities {browserName: chrome, goog:chromeOptions: {args: [], extensions: []}}], desiredCapabilities=Capabilities {browserName: chrome, goog:chromeOptions: {args: [], extensions: []}}}]
	at VGP.Filter_Chile_Country.Clear(Filter_Chile_Country.java:24)
</failure>
    <system-err><![CDATA[Starting ChromeDriver 102.0.5005.27 (df4a85108ffad4dca2c409c52f24df7ec0204b91-refs/branch-heads/5005_22@{#4}) on port 55751
Only local connections are allowed.
Please see https://chromedriver.chromium.org/security-considerations for suggestions on keeping ChromeDriver safe.
ChromeDriver was started successfully.
]]></system-err>
  </testcase>
  <testcase name="Clear" classname="VGP.Filter_Country_Cell_Department" time="1.475">
    <failure message="Could not start a new session. Response code 500. Message: session not created: This version of ChromeDriver only supports Chrome version 102&#10;Current browser version is 104.0.5112.81 with binary path C:\Program Files\Google\Chrome\Application\chrome.exe&#10;Build info: version: &apos;4.2.2&apos;, revision: &apos;683ccb65d6&apos;&#10;System info: host: &apos;LAPTOP-VFKJ2SC9&apos;, ip: &apos;192.168.0.176&apos;, os.name: &apos;Windows 10&apos;, os.arch: &apos;amd64&apos;, os.version: &apos;10.0&apos;, java.version: &apos;18.0.1.1&apos;&#10;Driver info: org.openqa.selenium.chrome.ChromeDriver&#10;Command: [null, newSession {capabilities=[Capabilities {browserName: chrome, goog:chromeOptions: {args: [], extensions: []}}], desiredCapabilities=Capabilities {browserName: chrome, goog:chromeOptions: {args: [], extensions: []}}}]" type="org.openqa.selenium.SessionNotCreatedException">org.openqa.selenium.SessionNotCreatedException: 
Could not start a new session. Response code 500. Message: session not created: This version of ChromeDriver only supports Chrome version 102
Current browser version is 104.0.5112.81 with binary path C:\Program Files\Google\Chrome\Application\chrome.exe
Build info: version: '4.2.2', revision: '683ccb65d6'
System info: host: 'LAPTOP-VFKJ2SC9', ip: '192.168.0.176', os.name: 'Windows 10', os.arch: 'amd64', os.version: '10.0', java.version: '18.0.1.1'
Driver info: org.openqa.selenium.chrome.ChromeDriver
Command: [null, newSession {capabilities=[Capabilities {browserName: chrome, goog:chromeOptions: {args: [], extensions: []}}], desiredCapabilities=Capabilities {browserName: chrome, goog:chromeOptions: {args: [], extensions: []}}}]
	at VGP.Filter_Country_Cell_Department.Clear(Filter_Country_Cell_Department.java:24)
</failure>
    <system-err><![CDATA[Starting ChromeDriver 102.0.5005.27 (df4a85108ffad4dca2c409c52f24df7ec0204b91-refs/branch-heads/5005_22@{#4}) on port 60183
Only local connections are allowed.
Please see https://chromedriver.chromium.org/security-considerations for suggestions on keeping ChromeDriver safe.
ChromeDriver was started successfully.
]]></system-err>
  </testcase>
  <testcase name="Clear" classname="VGP.Filter_Country_Cell" time="1.998">
    <failure message="Could not start a new session. Response code 500. Message: session not created: This version of ChromeDriver only supports Chrome version 102&#10;Current browser version is 104.0.5112.81 with binary path C:\Program Files\Google\Chrome\Application\chrome.exe&#10;Build info: version: &apos;4.2.2&apos;, revision: &apos;683ccb65d6&apos;&#10;System info: host: &apos;LAPTOP-VFKJ2SC9&apos;, ip: &apos;192.168.0.176&apos;, os.name: &apos;Windows 10&apos;, os.arch: &apos;amd64&apos;, os.version: &apos;10.0&apos;, java.version: &apos;18.0.1.1&apos;&#10;Driver info: org.openqa.selenium.chrome.ChromeDriver&#10;Command: [null, newSession {capabilities=[Capabilities {browserName: chrome, goog:chromeOptions: {args: [], extensions: []}}], desiredCapabilities=Capabilities {browserName: chrome, goog:chromeOptions: {args: [], extensions: []}}}]" type="org.openqa.selenium.SessionNotCreatedException">org.openqa.selenium.SessionNotCreatedException: 
Could not start a new session. Response code 500. Message: session not created: This version of ChromeDriver only supports Chrome version 102
Current browser version is 104.0.5112.81 with binary path C:\Program Files\Google\Chrome\Application\chrome.exe
Build info: version: '4.2.2', revision: '683ccb65d6'
System info: host: 'LAPTOP-VFKJ2SC9', ip: '192.168.0.176', os.name: 'Windows 10', os.arch: 'amd64', os.version: '10.0', java.version: '18.0.1.1'
Driver info: org.openqa.selenium.chrome.ChromeDriver
Command: [null, newSession {capabilities=[Capabilities {browserName: chrome, goog:chromeOptions: {args: [], extensions: []}}], desiredCapabilities=Capabilities {browserName: chrome, goog:chromeOptions: {args: [], extensions: []}}}]
	at VGP.Filter_Country_Cell.Clear(Filter_Country_Cell.java:24)
</failure>
    <system-err><![CDATA[Starting ChromeDriver 102.0.5005.27 (df4a85108ffad4dca2c409c52f24df7ec0204b91-refs/branch-heads/5005_22@{#4}) on port 50250
Only local connections are allowed.
Please see https://chromedriver.chromium.org/security-considerations for suggestions on keeping ChromeDriver safe.
ChromeDriver was started successfully.
]]></system-err>
  </testcase>
  <testcase name="Clear" classname="VGP.Filter_Mexico_Country" time="1.637">
    <failure message="Could not start a new session. Response code 500. Message: session not created: This version of ChromeDriver only supports Chrome version 102&#10;Current browser version is 104.0.5112.81 with binary path C:\Program Files\Google\Chrome\Application\chrome.exe&#10;Build info: version: &apos;4.2.2&apos;, revision: &apos;683ccb65d6&apos;&#10;System info: host: &apos;LAPTOP-VFKJ2SC9&apos;, ip: &apos;192.168.0.176&apos;, os.name: &apos;Windows 10&apos;, os.arch: &apos;amd64&apos;, os.version: &apos;10.0&apos;, java.version: &apos;18.0.1.1&apos;&#10;Driver info: org.openqa.selenium.chrome.ChromeDriver&#10;Command: [null, newSession {capabilities=[Capabilities {browserName: chrome, goog:chromeOptions: {args: [], extensions: []}}], desiredCapabilities=Capabilities {browserName: chrome, goog:chromeOptions: {args: [], extensions: []}}}]" type="org.openqa.selenium.SessionNotCreatedException">org.openqa.selenium.SessionNotCreatedException: 
Could not start a new session. Response code 500. Message: session not created: This version of ChromeDriver only supports Chrome version 102
Current browser version is 104.0.5112.81 with binary path C:\Program Files\Google\Chrome\Application\chrome.exe
Build info: version: '4.2.2', revision: '683ccb65d6'
System info: host: 'LAPTOP-VFKJ2SC9', ip: '192.168.0.176', os.name: 'Windows 10', os.arch: 'amd64', os.version: '10.0', java.version: '18.0.1.1'
Driver info: org.openqa.selenium.chrome.ChromeDriver
Command: [null, newSession {capabilities=[Capabilities {browserName: chrome, goog:chromeOptions: {args: [], extensions: []}}], desiredCapabilities=Capabilities {browserName: chrome, goog:chromeOptions: {args: [], extensions: []}}}]
	at VGP.Filter_Mexico_Country.Clear(Filter_Mexico_Country.java:24)
</failure>
    <system-err><![CDATA[Starting ChromeDriver 102.0.5005.27 (df4a85108ffad4dca2c409c52f24df7ec0204b91-refs/branch-heads/5005_22@{#4}) on port 54435
Only local connections are allowed.
Please see https://chromedriver.chromium.org/security-considerations for suggestions on keeping ChromeDriver safe.
ChromeDriver was started successfully.
]]></system-err>
  </testcase>
  <testcase name="Clear" classname="VGP.Filter_US_Country" time="1.842">
    <failure message="Could not start a new session. Response code 500. Message: session not created: This version of ChromeDriver only supports Chrome version 102&#10;Current browser version is 104.0.5112.81 with binary path C:\Program Files\Google\Chrome\Application\chrome.exe&#10;Build info: version: &apos;4.2.2&apos;, revision: &apos;683ccb65d6&apos;&#10;System info: host: &apos;LAPTOP-VFKJ2SC9&apos;, ip: &apos;192.168.0.176&apos;, os.name: &apos;Windows 10&apos;, os.arch: &apos;amd64&apos;, os.version: &apos;10.0&apos;, java.version: &apos;18.0.1.1&apos;&#10;Driver info: org.openqa.selenium.chrome.ChromeDriver&#10;Command: [null, newSession {capabilities=[Capabilities {browserName: chrome, goog:chromeOptions: {args: [], extensions: []}}], desiredCapabilities=Capabilities {browserName: chrome, goog:chromeOptions: {args: [], extensions: []}}}]" type="org.openqa.selenium.SessionNotCreatedException">org.openqa.selenium.SessionNotCreatedException: 
Could not start a new session. Response code 500. Message: session not created: This version of ChromeDriver only supports Chrome version 102
Current browser version is 104.0.5112.81 with binary path C:\Program Files\Google\Chrome\Application\chrome.exe
Build info: version: '4.2.2', revision: '683ccb65d6'
System info: host: 'LAPTOP-VFKJ2SC9', ip: '192.168.0.176', os.name: 'Windows 10', os.arch: 'amd64', os.version: '10.0', java.version: '18.0.1.1'
Driver info: org.openqa.selenium.chrome.ChromeDriver
Command: [null, newSession {capabilities=[Capabilities {browserName: chrome, goog:chromeOptions: {args: [], extensions: []}}], desiredCapabilities=Capabilities {browserName: chrome, goog:chromeOptions: {args: [], extensions: []}}}]
	at VGP.Filter_US_Country.Clear(Filter_US_Country.java:24)
</failure>
    <system-err><![CDATA[Starting ChromeDriver 102.0.5005.27 (df4a85108ffad4dca2c409c52f24df7ec0204b91-refs/branch-heads/5005_22@{#4}) on port 56716
Only local connections are allowed.
Please see https://chromedriver.chromium.org/security-considerations for suggestions on keeping ChromeDriver safe.
ChromeDriver was started successfully.
]]></system-err>
  </testcase>
</testsuite>