<?xml version="1.0" encoding="UTF-8"?>
<!-- Generated by org.testng.reporters.JUnitReportReporter -->
<testsuite hostname="LAPTOP-VFKJ2SC9" failures="0" tests="1" name="VGP.ViewEmployeeList" time="57.112" errors="0" timestamp="2024-07-18T15:22:09 IST" skipped="0">
  <testcase classname="VGP.ViewEmployeeList" name="viewEmployeeList" time="57.112"/>
  <system-out/>
</testsuite> <!-- VGP.ViewEmployeeList -->
