<?xml version="1.0" encoding="UTF-8"?>
<!-- Generated by org.testng.reporters.JUnitReportReporter -->
<testsuite hostname="LAPTOP-VFKJ2SC9" failures="0" tests="1" name="VGP.Filter_Country_Cell" time="24.035" errors="0" timestamp="2022-08-12T18:48:48 IST" skipped="0">
  <testcase classname="VGP.Filter_Country_Cell" name="Clear" time="24.035"/>
  <system-out/>
</testsuite> <!-- VGP.Filter_Country_Cell -->
