<?xml version="1.0" encoding="UTF-8"?>
<!-- Generated by org.testng.reporters.JUnitReportReporter -->
<testsuite hostname="LAPTOP-VFKJ2SC9" failures="0" tests="1" name="VGP.ClearFilter" time="42.292" errors="0" timestamp="2022-07-11T19:33:10 IST" skipped="0">
  <testcase classname="VGP.ClearFilter" name="Clear" time="42.292"/>
  <system-out/>
</testsuite> <!-- VGP.ClearFilter -->
