<?xml version="1.0" encoding="UTF-8"?>
<!-- Generated by org.testng.reporters.JUnitReportReporter -->
<testsuite hostname="LAPTOP-VFKJ2SC9" failures="0" tests="1" name="VGP.Filter_Mexico_Country" time="33.235" errors="0" timestamp="2022-08-12T18:48:48 IST" skipped="0">
  <testcase classname="VGP.Filter_Mexico_Country" name="Clear" time="33.235"/>
  <system-out/>
</testsuite> <!-- VGP.Filter_Mexico_Country -->
